[dedragames.com/games/ovo/1.4.1/index.html]
[backblue.gif]
[fade.gif]
[index.html]
[dedragames.com/games/ovo/1.4.1/appmanifest.json]
[dedragames.com/games/ovo/1.4.1/icon-256.png]
[dedragames.com/games/ovo/1.4.1/animate.css]
[dedragames.com/games/ovo/1.4.1/hmmg_layoutTransition.css]
[dedragames.com/games/ovo/1.4.1/jquery.gritter.css]
[dedragames.com/games/ovo/1.4.1/Tween.js]
[dedragames.com/games/ovo/1.4.1/jquery-3.4.1.min.js]
[dedragames.com/games/ovo/1.4.1/jquery.gritter.js]
[dedragames.com/games/ovo/1.4.1/parse-1.6.14.min.js]
[dedragames.com/games/ovo/1.4.1/sw.js]
[dedragames.com/games/ovo/1.4.1/html2canvas.min.js]
[dedragames.com/games/ovo/1.4.1/index.html]
[dedragames.com/games/ovo/1.4.1/animate.css]
[dedragames.com/games/ovo/1.4.1/hmmg_layoutTransition.css]
[dedragames.com/games/ovo/1.4.1/jquery.gritter.css]
[dedragames.com/games/ovo/1.4.1/c2runtime.js]
